<?xml version="1.0" encoding="UTF-8"?>
<!-- Generated by org.testng.reporters.JUnitXMLReporter -->
<testsuite ignored="0" hostname="Asmaa" failures="1" tests="4" name="Login Tests" time="9.542" errors="0" timestamp="2026-01-28T21:58:13 EET">
  <testcase classname="ui.tests.LoginClass" name="SuccessfullyLogin" time="1.008"/>
  <testcase classname="ui.tests.LoginClass" name="Performance_glitch_userLogin" time="5.766">
    <failure type="java.lang.AssertionError" message="Performance glitch user login exceeded 2 seconds! Duration = 5539 ms expected [true] but found [false]">
      <![CDATA[java.lang.AssertionError: Performance glitch user login exceeded 2 seconds! Duration = 5539 ms expected [true] but found [false]
at ui.tests.LoginClass.Performance_glitch_userLogin(LoginClass.java:64)
at java.base/java.util.ArrayList.forEach(ArrayList.java:1596)
... Removed 28 stack frames]]>
    </failure>
  </testcase> <!-- Performance_glitch_userLogin -->
  <testcase classname="ui.tests.LoginClass" name="Locked_out_userLogin" time="0.412"/>
  <testcase classname="ui.tests.LoginClass" name="Negative_Login" time="0.371"/>
</testsuite> <!-- Login Tests -->
