<?xml version="1.0" encoding="UTF-8"?>
<!-- Generated by org.testng.reporters.JUnitXMLReporter -->
<testsuite ignored="0" hostname="Asmaa" failures="0" tests="6" name="Problem User Tests" time="0.083" errors="0" timestamp="2026-01-28T21:58:13 EET">
  <testcase classname="ui.tests.Problem_userTests" name="SuccessfullyLogin" time="0.0">
    <skipped/>
  </testcase> <!-- SuccessfullyLogin -->
  <testcase classname="ui.tests.Problem_userTests" name="AddItemToCart" time="0.0">
    <skipped/>
  </testcase> <!-- AddItemToCart -->
  <testcase classname="ui.tests.Problem_userTests" name="Checkout" time="0.0">
    <skipped/>
  </testcase> <!-- Checkout -->
  <testcase classname="ui.tests.Problem_userTests" name="AddAllTheProducts" time="0.0">
    <skipped/>
  </testcase> <!-- AddAllTheProducts -->
  <testcase classname="ui.tests.Problem_userTests" name="DeleteAllProducts" time="0.0">
    <skipped/>
  </testcase> <!-- DeleteAllProducts -->
  <testcase classname="ui.tests.Problem_userTests" name="sorting" time="0.0">
    <skipped/>
  </testcase> <!-- sorting -->
</testsuite> <!-- Problem User Tests -->
